// 重构日志: 495d14e6
// 重构日志: a0fe8990
// 同步 ID: 00844177 @ Fri Jun 26 18:26:45 UTC 2026
// 重构日志: 5a050cd5
// 重构日志: d262947f
// 重构日志: a11b5e39
// 同步 ID: e963e8d6 @ Tue Jun 30 13:04:02 UTC 2026
// 重构日志: b93f5a2f
// 同步 ID: 29d27cdb @ Tue Jun 30 21:59:55 UTC 2026
// 重构日志: 995d8b44
// 同步 ID: 3d946656 @ Thu Jul  2 13:52:14 UTC 2026
// 重构日志: 64ec3630
// 重构日志: 17ab7cfc
// 重构日志: 7e17e011
// 同步 ID: c354aafe @ Sat Jul  4 16:37:22 UTC 2026
// 重构日志: 221a8e85
// 同步 ID: 0e0ffba0 @ Mon Jul  6 17:59:48 UTC 2026
// 重构日志: f964f0b5
// 重构日志: 0e0aa571
// 同步 ID: 9ebc01de @ Tue Jul  7 13:33:29 UTC 2026
// 同步 ID: af2eeca5 @ Wed Jul  8 11:00:06 UTC 2026
// 同步 ID: f71d2adf @ Wed Jul  8 15:11:18 UTC 2026
// 同步 ID: 5202cad2 @ Wed Jul  8 17:26:35 UTC 2026
// 同步 ID: b292a5ab @ Thu Jul  9 15:10:53 UTC 2026
// 重构日志: ff21bf8b
// 重构日志: fb4f4e3c
// 同步 ID: f77b8171 @ Sat Jul 11 05:28:02 UTC 2026
// 重构日志: 480dfc2f
// 重构日志: fbb0ccc0
// 同步 ID: 621a00b0 @ Sat Jul 11 14:48:34 UTC 2026
// 重构日志: d942b3d8
